<?xml version="1.0" encoding="UTF-8"?>
<testng-results ignored="0" total="8" passed="8" failed="0" skipped="0">
  <reporter-output>
  </reporter-output>
  <suite started-at="2023-10-31T09:28:48 IST" name="Default suite" finished-at="2023-10-31T09:28:59 IST" duration-ms="11185">
    <groups>
    </groups>
    <test started-at="2023-10-31T09:28:48 IST" name="Default test" finished-at="2023-10-31T09:28:59 IST" duration-ms="11185">
      <class name="sample.Layout2">
        <test-method is-config="true" signature="setup()[pri:0, instance:sample.Layout2@68e965f5]" started-at="2023-10-31T09:28:48 IST" name="setup" finished-at="2023-10-31T09:28:50 IST" duration-ms="1616" status="PASS">
          <reporter-output>
          </reporter-output>
        </test-method> <!-- setup -->
        <test-method signature="Tectfield()[pri:1, instance:sample.Layout2@68e965f5]" started-at="2023-10-31T09:28:50 IST" name="Tectfield" finished-at="2023-10-31T09:28:50 IST" duration-ms="215" status="PASS">
          <reporter-output>
          </reporter-output>
        </test-method> <!-- Tectfield -->
        <test-method signature="Gendercheckbox()[pri:2, instance:sample.Layout2@68e965f5]" started-at="2023-10-31T09:28:50 IST" name="Gendercheckbox" finished-at="2023-10-31T09:28:50 IST" duration-ms="71" status="PASS">
          <reporter-output>
          </reporter-output>
        </test-method> <!-- Gendercheckbox -->
        <test-method signature="Dropdown()[pri:3, instance:sample.Layout2@68e965f5]" started-at="2023-10-31T09:28:50 IST" name="Dropdown" finished-at="2023-10-31T09:28:50 IST" duration-ms="77" status="PASS">
          <reporter-output>
          </reporter-output>
        </test-method> <!-- Dropdown -->
        <test-method signature="Multidrop()[pri:4, instance:sample.Layout2@68e965f5]" started-at="2023-10-31T09:28:50 IST" name="Multidrop" finished-at="2023-10-31T09:28:50 IST" duration-ms="98" status="PASS">
          <reporter-output>
          </reporter-output>
        </test-method> <!-- Multidrop -->
        <test-method signature="Search()[pri:5, instance:sample.Layout2@68e965f5]" started-at="2023-10-31T09:28:50 IST" name="Search" finished-at="2023-10-31T09:28:51 IST" duration-ms="107" status="PASS">
          <reporter-output>
          </reporter-output>
        </test-method> <!-- Search -->
        <test-method signature="Slider()[pri:6, instance:sample.Layout2@68e965f5]" started-at="2023-10-31T09:28:51 IST" name="Slider" finished-at="2023-10-31T09:28:51 IST" duration-ms="538" status="PASS">
          <reporter-output>
          </reporter-output>
        </test-method> <!-- Slider -->
        <test-method signature="Uploadfile()[pri:7, instance:sample.Layout2@68e965f5]" started-at="2023-10-31T09:28:51 IST" name="Uploadfile" finished-at="2023-10-31T09:28:53 IST" duration-ms="2142" status="PASS">
          <reporter-output>
          </reporter-output>
        </test-method> <!-- Uploadfile -->
        <test-method signature="LongText()[pri:8, instance:sample.Layout2@68e965f5]" started-at="2023-10-31T09:28:53 IST" name="LongText" finished-at="2023-10-31T09:28:59 IST" duration-ms="6197" status="PASS">
          <reporter-output>
          </reporter-output>
        </test-method> <!-- LongText -->
        <test-method is-config="true" signature="Teardown()[pri:0, instance:sample.Layout2@68e965f5]" started-at="2023-10-31T09:28:59 IST" name="Teardown" finished-at="2023-10-31T09:28:59 IST" duration-ms="84" status="PASS">
          <reporter-output>
          </reporter-output>
        </test-method> <!-- Teardown -->
      </class> <!-- sample.Layout2 -->
    </test> <!-- Default test -->
  </suite> <!-- Default suite -->
</testng-results>
